<?xml version="1.0" encoding="UTF-8" ?>
<testsuite failures="0" time="4.322" errors="1" skipped="0" tests="1" name="com.prodyna.conference.service.SpeakerTest">
  <properties>
    <property name="java.runtime.name" value="Java(TM) SE Runtime Environment"/>
    <property name="sun.boot.library.path" value="c:\Program Files\Java\jdk1.7.0_40\jre\bin"/>
    <property name="java.vm.version" value="24.0-b56"/>
    <property name="java.vm.vendor" value="Oracle Corporation"/>
    <property name="java.vendor.url" value="http://java.oracle.com/"/>
    <property name="path.separator" value=";"/>
    <property name="guice.disable.misplaced.annotation.check" value="true"/>
    <property name="java.vm.name" value="Java HotSpot(TM) 64-Bit Server VM"/>
    <property name="file.encoding.pkg" value="sun.io"/>
    <property name="user.script" value=""/>
    <property name="user.country" value="DE"/>
    <property name="sun.java.launcher" value="SUN_STANDARD"/>
    <property name="sun.os.patch.level" value="Service Pack 1"/>
    <property name="java.vm.specification.name" value="Java Virtual Machine Specification"/>
    <property name="user.dir" value="g:\Workspaces\PAC_CONFERENCE\conference"/>
    <property name="java.runtime.version" value="1.7.0_40-b43"/>
    <property name="java.awt.graphicsenv" value="sun.awt.Win32GraphicsEnvironment"/>
    <property name="java.endorsed.dirs" value="c:\Program Files\Java\jdk1.7.0_40\jre\lib\endorsed"/>
    <property name="os.arch" value="amd64"/>
    <property name="java.io.tmpdir" value="C:\Users\fherling\AppData\Local\Temp\"/>
    <property name="line.separator" value="
"/>
    <property name="java.vm.specification.vendor" value="Oracle Corporation"/>
    <property name="user.variant" value=""/>
    <property name="os.name" value="Windows 7"/>
    <property name="classworlds.conf" value="g:\Tools\MAVEN\maven-3.1.0\bin\..\bin\m2.conf"/>
    <property name="sun.jnu.encoding" value="Cp1252"/>
    <property name="java.library.path" value="c:\Program Files\Java\jdk1.7.0_40\bin;C:\Windows\Sun\Java\bin;C:\Windows\system32;C:\Windows;C:\Program Files (x86)\NVIDIA Corporation\PhysX\Common;C:\Windows\system32;C:\Windows;C:\Windows\System32\Wbem;C:\Program Files\Intel\WiFi\bin\;C:\Program Files\Common Files\Intel\WirelessCommon\;C:\Program Files (x86)\Lenovo\Access Connections\;C:\Program Files\SlikSvn\bin\;C:\Program Files (x86)\CineForm\Tools;C:\Windows\System32\WindowsPowerShell\v1.0\;C:\Windows\System32\WindowsPowerShell\v1.0\;C:\Program Files (x86)\Common Files\Acronis\SnapAPI\;C:\Program Files\Intel\WiFi\bin\;C:\Program Files\Common Files\Intel\WirelessCommon\;c:\Program Files\Java\jdk1.7.0_40\bin;g:\Tools\JAD\jadnt158;g:\Tools\ANT\ant-1.8.2\bin;C:\Program Files (x86)\OpenVPN\bin;g:\Tools\MAVEN\maven-3.1.0\bin;g:\Tools\mybatis-migrations-3.1.0\bin;;."/>
    <property name="java.specification.name" value="Java Platform API Specification"/>
    <property name="java.class.version" value="51.0"/>
    <property name="sun.management.compiler" value="HotSpot 64-Bit Tiered Compilers"/>
    <property name="os.version" value="6.1"/>
    <property name="user.home" value="C:\Users\fherling"/>
    <property name="user.timezone" value="Europe/Berlin"/>
    <property name="java.awt.printerjob" value="sun.awt.windows.WPrinterJob"/>
    <property name="java.specification.version" value="1.7"/>
    <property name="file.encoding" value="Cp1252"/>
    <property name="user.name" value="fherling"/>
    <property name="java.class.path" value="g:\Tools\MAVEN\maven-3.1.0\bin\..\boot\plexus-classworlds-2.4.2.jar"/>
    <property name="org.slf4j.simpleLogger.defaultLogLevel" value="info"/>
    <property name="java.vm.specification.version" value="1.7"/>
    <property name="sun.arch.data.model" value="64"/>
    <property name="java.home" value="c:\Program Files\Java\jdk1.7.0_40\jre"/>
    <property name="sun.java.command" value="org.codehaus.plexus.classworlds.launcher.Launcher clean install"/>
    <property name="java.specification.vendor" value="Oracle Corporation"/>
    <property name="user.language" value="de"/>
    <property name="awt.toolkit" value="sun.awt.windows.WToolkit"/>
    <property name="java.vm.info" value="mixed mode"/>
    <property name="java.version" value="1.7.0_40"/>
    <property name="java.ext.dirs" value="c:\Program Files\Java\jdk1.7.0_40\jre\lib\ext;C:\Windows\Sun\Java\lib\ext"/>
    <property name="sun.boot.class.path" value="c:\Program Files\Java\jdk1.7.0_40\jre\lib\resources.jar;c:\Program Files\Java\jdk1.7.0_40\jre\lib\rt.jar;c:\Program Files\Java\jdk1.7.0_40\jre\lib\sunrsasign.jar;c:\Program Files\Java\jdk1.7.0_40\jre\lib\jsse.jar;c:\Program Files\Java\jdk1.7.0_40\jre\lib\jce.jar;c:\Program Files\Java\jdk1.7.0_40\jre\lib\charsets.jar;c:\Program Files\Java\jdk1.7.0_40\jre\lib\jfr.jar;c:\Program Files\Java\jdk1.7.0_40\jre\classes"/>
    <property name="java.vendor" value="Oracle Corporation"/>
    <property name="maven.home" value="g:\Tools\MAVEN\maven-3.1.0\bin\.."/>
    <property name="file.separator" value="\"/>
    <property name="java.vendor.url.bug" value="http://bugreport.sun.com/bugreport/"/>
    <property name="sun.cpu.endian" value="little"/>
    <property name="sun.io.unicode.encoding" value="UnicodeLittle"/>
    <property name="sun.desktop" value="windows"/>
    <property name="sun.cpu.isalist" value="amd64"/>
  </properties>
  <testcase time="4.322" classname="com.prodyna.conference.service.SpeakerTest" name="com.prodyna.conference.service.SpeakerTest">
    <error message="Cannot deploy: test.ear" type="org.jboss.arquillian.container.spi.client.container.DeploymentException">org.jboss.arquillian.container.spi.client.container.DeploymentException: Cannot deploy: test.ear
	at org.jboss.as.arquillian.container.ArchiveDeployer.deployInternal(ArchiveDeployer.java:83)
	at org.jboss.as.arquillian.container.ArchiveDeployer.deployInternal(ArchiveDeployer.java:64)
	at org.jboss.as.arquillian.container.ArchiveDeployer.deploy(ArchiveDeployer.java:46)
	at org.jboss.as.arquillian.container.CommonDeployableContainer.deploy(CommonDeployableContainer.java:145)
	at org.jboss.arquillian.container.impl.client.container.ContainerDeployController$3.call(ContainerDeployController.java:161)
	at org.jboss.arquillian.container.impl.client.container.ContainerDeployController$3.call(ContainerDeployController.java:128)
	at org.jboss.arquillian.container.impl.client.container.ContainerDeployController.executeOperation(ContainerDeployController.java:271)
	at org.jboss.arquillian.container.impl.client.container.ContainerDeployController.deploy(ContainerDeployController.java:127)
	at sun.reflect.NativeMethodAccessorImpl.invoke0(Native Method)
	at sun.reflect.NativeMethodAccessorImpl.invoke(NativeMethodAccessorImpl.java:57)
	at sun.reflect.DelegatingMethodAccessorImpl.invoke(DelegatingMethodAccessorImpl.java:43)
	at java.lang.reflect.Method.invoke(Method.java:606)
	at org.jboss.arquillian.core.impl.ObserverImpl.invoke(ObserverImpl.java:94)
	at org.jboss.arquillian.core.impl.EventContextImpl.invokeObservers(EventContextImpl.java:99)
	at org.jboss.arquillian.core.impl.EventContextImpl.proceed(EventContextImpl.java:81)
	at org.jboss.arquillian.container.impl.client.ContainerDeploymentContextHandler.createDeploymentContext(ContainerDeploymentContextHandler.java:78)
	at sun.reflect.NativeMethodAccessorImpl.invoke0(Native Method)
	at sun.reflect.NativeMethodAccessorImpl.invoke(NativeMethodAccessorImpl.java:57)
	at sun.reflect.DelegatingMethodAccessorImpl.invoke(DelegatingMethodAccessorImpl.java:43)
	at java.lang.reflect.Method.invoke(Method.java:606)
	at org.jboss.arquillian.core.impl.ObserverImpl.invoke(ObserverImpl.java:94)
	at org.jboss.arquillian.core.impl.EventContextImpl.proceed(EventContextImpl.java:88)
	at org.jboss.arquillian.container.impl.client.ContainerDeploymentContextHandler.createContainerContext(ContainerDeploymentContextHandler.java:57)
	at sun.reflect.NativeMethodAccessorImpl.invoke0(Native Method)
	at sun.reflect.NativeMethodAccessorImpl.invoke(NativeMethodAccessorImpl.java:57)
	at sun.reflect.DelegatingMethodAccessorImpl.invoke(DelegatingMethodAccessorImpl.java:43)
	at java.lang.reflect.Method.invoke(Method.java:606)
	at org.jboss.arquillian.core.impl.ObserverImpl.invoke(ObserverImpl.java:94)
	at org.jboss.arquillian.core.impl.EventContextImpl.proceed(EventContextImpl.java:88)
	at org.jboss.arquillian.container.impl.client.container.DeploymentExceptionHandler.verifyExpectedExceptionDuringDeploy(DeploymentExceptionHandler.java:50)
	at sun.reflect.NativeMethodAccessorImpl.invoke0(Native Method)
	at sun.reflect.NativeMethodAccessorImpl.invoke(NativeMethodAccessorImpl.java:57)
	at sun.reflect.DelegatingMethodAccessorImpl.invoke(DelegatingMethodAccessorImpl.java:43)
	at java.lang.reflect.Method.invoke(Method.java:606)
	at org.jboss.arquillian.core.impl.ObserverImpl.invoke(ObserverImpl.java:94)
	at org.jboss.arquillian.core.impl.EventContextImpl.proceed(EventContextImpl.java:88)
	at org.jboss.arquillian.core.impl.ManagerImpl.fire(ManagerImpl.java:135)
	at org.jboss.arquillian.core.impl.ManagerImpl.fire(ManagerImpl.java:115)
	at org.jboss.arquillian.core.impl.EventImpl.fire(EventImpl.java:67)
	at org.jboss.arquillian.container.impl.client.container.ContainerDeployController$1.perform(ContainerDeployController.java:95)
	at org.jboss.arquillian.container.impl.client.container.ContainerDeployController$1.perform(ContainerDeployController.java:80)
	at org.jboss.arquillian.container.impl.client.container.ContainerDeployController.forEachDeployment(ContainerDeployController.java:263)
	at org.jboss.arquillian.container.impl.client.container.ContainerDeployController.forEachManagedDeployment(ContainerDeployController.java:239)
	at org.jboss.arquillian.container.impl.client.container.ContainerDeployController.deployManaged(ContainerDeployController.java:79)
	at sun.reflect.NativeMethodAccessorImpl.invoke0(Native Method)
	at sun.reflect.NativeMethodAccessorImpl.invoke(NativeMethodAccessorImpl.java:57)
	at sun.reflect.DelegatingMethodAccessorImpl.invoke(DelegatingMethodAccessorImpl.java:43)
	at java.lang.reflect.Method.invoke(Method.java:606)
	at org.jboss.arquillian.core.impl.ObserverImpl.invoke(ObserverImpl.java:94)
	at org.jboss.arquillian.core.impl.EventContextImpl.invokeObservers(EventContextImpl.java:99)
	at org.jboss.arquillian.core.impl.EventContextImpl.proceed(EventContextImpl.java:81)
	at org.jboss.arquillian.core.impl.ManagerImpl.fire(ManagerImpl.java:135)
	at org.jboss.arquillian.core.impl.ManagerImpl.fire(ManagerImpl.java:115)
	at org.jboss.arquillian.core.impl.EventImpl.fire(EventImpl.java:67)
	at org.jboss.arquillian.container.test.impl.client.ContainerEventController.execute(ContainerEventController.java:101)
	at sun.reflect.NativeMethodAccessorImpl.invoke0(Native Method)
	at sun.reflect.NativeMethodAccessorImpl.invoke(NativeMethodAccessorImpl.java:57)
	at sun.reflect.DelegatingMethodAccessorImpl.invoke(DelegatingMethodAccessorImpl.java:43)
	at java.lang.reflect.Method.invoke(Method.java:606)
	at org.jboss.arquillian.core.impl.ObserverImpl.invoke(ObserverImpl.java:94)
	at org.jboss.arquillian.core.impl.EventContextImpl.invokeObservers(EventContextImpl.java:99)
	at org.jboss.arquillian.core.impl.EventContextImpl.proceed(EventContextImpl.java:81)
	at org.jboss.arquillian.test.impl.TestContextHandler.createClassContext(TestContextHandler.java:75)
	at sun.reflect.NativeMethodAccessorImpl.invoke0(Native Method)
	at sun.reflect.NativeMethodAccessorImpl.invoke(NativeMethodAccessorImpl.java:57)
	at sun.reflect.DelegatingMethodAccessorImpl.invoke(DelegatingMethodAccessorImpl.java:43)
	at java.lang.reflect.Method.invoke(Method.java:606)
	at org.jboss.arquillian.core.impl.ObserverImpl.invoke(ObserverImpl.java:94)
	at org.jboss.arquillian.core.impl.EventContextImpl.proceed(EventContextImpl.java:88)
	at org.jboss.arquillian.test.impl.TestContextHandler.createSuiteContext(TestContextHandler.java:60)
	at sun.reflect.NativeMethodAccessorImpl.invoke0(Native Method)
	at sun.reflect.NativeMethodAccessorImpl.invoke(NativeMethodAccessorImpl.java:57)
	at sun.reflect.DelegatingMethodAccessorImpl.invoke(DelegatingMethodAccessorImpl.java:43)
	at java.lang.reflect.Method.invoke(Method.java:606)
	at org.jboss.arquillian.core.impl.ObserverImpl.invoke(ObserverImpl.java:94)
	at org.jboss.arquillian.core.impl.EventContextImpl.proceed(EventContextImpl.java:88)
	at org.jboss.arquillian.core.impl.ManagerImpl.fire(ManagerImpl.java:135)
	at org.jboss.arquillian.core.impl.ManagerImpl.fire(ManagerImpl.java:115)
	at org.jboss.arquillian.test.impl.EventTestRunnerAdaptor.beforeClass(EventTestRunnerAdaptor.java:80)
	at org.jboss.arquillian.junit.Arquillian$2.evaluate(Arquillian.java:182)
	at org.jboss.arquillian.junit.Arquillian.multiExecute(Arquillian.java:314)
	at org.jboss.arquillian.junit.Arquillian.access$100(Arquillian.java:46)
	at org.jboss.arquillian.junit.Arquillian$3.evaluate(Arquillian.java:199)
	at org.junit.runners.ParentRunner.run(ParentRunner.java:300)
	at org.jboss.arquillian.junit.Arquillian.run(Arquillian.java:147)
	at org.apache.maven.surefire.junit4.JUnit4Provider.execute(JUnit4Provider.java:252)
	at org.apache.maven.surefire.junit4.JUnit4Provider.executeTestSet(JUnit4Provider.java:141)
	at org.apache.maven.surefire.junit4.JUnit4Provider.invoke(JUnit4Provider.java:112)
	at sun.reflect.NativeMethodAccessorImpl.invoke0(Native Method)
	at sun.reflect.NativeMethodAccessorImpl.invoke(NativeMethodAccessorImpl.java:57)
	at sun.reflect.DelegatingMethodAccessorImpl.invoke(DelegatingMethodAccessorImpl.java:43)
	at java.lang.reflect.Method.invoke(Method.java:606)
	at org.apache.maven.surefire.util.ReflectionUtils.invokeMethodWithArray(ReflectionUtils.java:189)
	at org.apache.maven.surefire.booter.ProviderFactory$ProviderProxy.invoke(ProviderFactory.java:165)
	at org.apache.maven.surefire.booter.ProviderFactory.invokeProvider(ProviderFactory.java:85)
	at org.apache.maven.surefire.booter.ForkedBooter.runSuitesInProcess(ForkedBooter.java:115)
	at org.apache.maven.surefire.booter.ForkedBooter.main(ForkedBooter.java:75)
Caused by: java.lang.Exception: {
    &quot;JBAS014671: Fehlgeschlagene Dienste&quot; =&gt; {&quot;jboss.deployment.unit.\&quot;test.ear\&quot;.WeldService&quot; =&gt; &quot;org.jboss.msc.service.StartException in service jboss.deployment.unit.\&quot;test.ear\&quot;.WeldService: org.jboss.weld.exceptions.DeploymentException: WELD-001409 Ambiguous dependencies for type [PerformanceMXBean] with qualifiers [@Default] at injection point [[field] @Inject private com.prodyna.conference.core.event.PerformanceObserver.performanceMgmtBean]. Possible dependencies [[Managed Bean [class com.prodyna.core.monitoring.Performance] with qualifiers [@Any @Default], Producer Method [PerformanceMXBean] with qualifiers [@Any @Default] declared as [[method] @Produces public com.prodyna.conference.core.util.MBeanProducer.producePerformanceMgmtBean()]]]
    Caused by: org.jboss.weld.exceptions.DeploymentException: WELD-001409 Ambiguous dependencies for type [PerformanceMXBean] with qualifiers [@Default] at injection point [[field] @Inject private com.prodyna.conference.core.event.PerformanceObserver.performanceMgmtBean]. Possible dependencies [[Managed Bean [class com.prodyna.core.monitoring.Performance] with qualifiers [@Any @Default], Producer Method [PerformanceMXBean] with qualifiers [@Any @Default] declared as [[method] @Produces public com.prodyna.conference.core.util.MBeanProducer.producePerformanceMgmtBean()]]]&quot;},
    &quot;JBAS014771: Dienste mit fehlenden/unverfügbaren Abhängigkeiten &quot; =&gt; [
        &quot;jboss.deployment.subunit.\&quot;test.ear\&quot;.\&quot;test.war\&quot;.component.\&quot;javax.faces.webapp.FacetTag\&quot;.WeldInstantiator [JBAS014861: &lt;one or more transitive dependencies&gt;] fehlt&quot;,
        &quot;jboss.deployment.subunit.\&quot;test.ear\&quot;.\&quot;test.war\&quot;.beanmanager [JBAS014861: &lt;one or more transitive dependencies&gt;] fehlt&quot;,
        &quot;jboss.deployment.subunit.\&quot;test.ear\&quot;.\&quot;test.war\&quot;.jboss.security.jacc [JBAS014861: &lt;one or more transitive dependencies&gt;] fehlt&quot;,
        &quot;jboss.deployment.subunit.\&quot;test.ear\&quot;.\&quot;test.war\&quot;.component.\&quot;javax.faces.webapp.FacetTag\&quot;.START [JBAS014861: &lt;one or more transitive dependencies&gt;] fehlt&quot;,
        &quot;jboss.deployment.subunit.\&quot;test.ear\&quot;.\&quot;test.war\&quot;.component.\&quot;javax.servlet.jsp.jstl.tlv.ScriptFreeTLV\&quot;.WeldInstantiator [JBAS014861: &lt;one or more transitive dependencies&gt;] fehlt&quot;,
        &quot;jboss.deployment.subunit.\&quot;test.ear\&quot;.\&quot;test.war\&quot;.component.\&quot;org.jboss.as.weld.webtier.jsp.JspInitializationListener\&quot;.START [JBAS014861: &lt;one or more transitive dependencies&gt;] fehlt&quot;,
        &quot;jboss.deployment.subunit.\&quot;test.ear\&quot;.\&quot;test.war\&quot;.component.\&quot;javax.servlet.jsp.jstl.tlv.PermittedTaglibsTLV\&quot;.START [JBAS014861: &lt;one or more transitive dependencies&gt;] fehlt&quot;,
        &quot;jboss.deployment.subunit.\&quot;test.ear\&quot;.\&quot;test.war\&quot;.component.\&quot;javax.servlet.jsp.jstl.tlv.ScriptFreeTLV\&quot;.START [JBAS014861: &lt;one or more transitive dependencies&gt;] fehlt&quot;,
        &quot;jboss.deployment.subunit.\&quot;test.ear\&quot;.\&quot;test.war\&quot;.component.\&quot;com.sun.faces.config.ConfigureListener\&quot;.START [JBAS014861: &lt;one or more transitive dependencies&gt;] fehlt&quot;,
        &quot;jboss.deployment.subunit.\&quot;test.ear\&quot;.\&quot;test.war\&quot;.component.\&quot;org.apache.jasper.servlet.JspServlet\&quot;.START [JBAS014861: &lt;one or more transitive dependencies&gt;] fehlt&quot;,
        &quot;jboss.deployment.subunit.\&quot;test.ear\&quot;.\&quot;test.war\&quot;.component.\&quot;org.apache.catalina.servlets.DefaultServlet\&quot;.START [JBAS014861: &lt;one or more transitive dependencies&gt;] fehlt&quot;,
        &quot;jboss.deployment.subunit.\&quot;test.ear\&quot;.\&quot;test.war\&quot;.component.\&quot;org.apache.catalina.servlets.DefaultServlet\&quot;.WeldInstantiator [JBAS014861: &lt;one or more transitive dependencies&gt;] fehlt&quot;,
        &quot;jboss.deployment.subunit.\&quot;test.ear\&quot;.\&quot;test.war\&quot;.component.\&quot;com.sun.faces.config.ConfigureListener\&quot;.WeldInstantiator [JBAS014861: &lt;one or more transitive dependencies&gt;] fehlt&quot;,
        &quot;jboss.deployment.subunit.\&quot;test.ear\&quot;.\&quot;test.war\&quot;.component.\&quot;org.jboss.arquillian.protocol.servlet.runner.ServletTestRunner\&quot;.WeldInstantiator [JBAS014861: &lt;one or more transitive dependencies&gt;] fehlt&quot;,
        &quot;jboss.deployment.subunit.\&quot;test.ear\&quot;.\&quot;test.war\&quot;.component.\&quot;org.jboss.arquillian.protocol.servlet.runner.ServletTestRunner\&quot;.START [JBAS014861: &lt;one or more transitive dependencies&gt;] fehlt&quot;,
        &quot;jboss.deployment.unit.\&quot;test.ear\&quot;.beanmanager [JBAS014861: &lt;one or more transitive dependencies&gt;] fehlt&quot;,
        &quot;jboss.deployment.subunit.\&quot;test.ear\&quot;.\&quot;test.war\&quot;.component.\&quot;org.apache.jasper.servlet.JspServlet\&quot;.WeldInstantiator [JBAS014861: &lt;one or more transitive dependencies&gt;] fehlt&quot;,
        &quot;jboss.web.deployment.default-host./test [JBAS014861: &lt;one or more transitive dependencies&gt;] fehlt&quot;,
        &quot;jboss.deployment.subunit.\&quot;test.ear\&quot;.\&quot;test.war\&quot;.component.\&quot;javax.servlet.jsp.jstl.tlv.PermittedTaglibsTLV\&quot;.WeldInstantiator [JBAS014861: &lt;one or more transitive dependencies&gt;] fehlt&quot;,
        &quot;jboss.deployment.subunit.\&quot;test.ear\&quot;.\&quot;test.war\&quot;.component.\&quot;org.jboss.as.weld.webtier.jsp.JspInitializationListener\&quot;.WeldInstantiator [JBAS014861: &lt;one or more transitive dependencies&gt;] fehlt&quot;
    ]
}
	at org.jboss.as.controller.client.helpers.standalone.impl.ServerDeploymentPlanResultFuture.getActionResult(ServerDeploymentPlanResultFuture.java:134)
	at org.jboss.as.controller.client.helpers.standalone.impl.ServerDeploymentPlanResultFuture.getResultFromNode(ServerDeploymentPlanResultFuture.java:123)
	at org.jboss.as.controller.client.helpers.standalone.impl.ServerDeploymentPlanResultFuture.get(ServerDeploymentPlanResultFuture.java:85)
	at org.jboss.as.controller.client.helpers.standalone.impl.ServerDeploymentPlanResultFuture.get(ServerDeploymentPlanResultFuture.java:42)
	at org.jboss.as.controller.client.helpers.standalone.ServerDeploymentHelper.deploy(ServerDeploymentHelper.java:52)
	at org.jboss.as.arquillian.container.ArchiveDeployer.deployInternal(ArchiveDeployer.java:77)
	... 96 more
</error>
    <system-out>test.jar:
/com/
/com/prodyna/
/com/prodyna/conference/
/com/prodyna/conference/service/
/com/prodyna/conference/service/FindTalkBySpeakerTest.class
/com/prodyna/conference/service/SpeakerServiceImpl.class
/com/prodyna/conference/service/TalkServiceImpl.class
/com/prodyna/conference/service/CombinedService.class
/com/prodyna/conference/service/RoomService.class
/com/prodyna/conference/service/ConferenceTest.class
/com/prodyna/conference/service/SpeakerTest.class
/com/prodyna/conference/service/SpeakerService.class
/com/prodyna/conference/service/TalkTest.class
/com/prodyna/conference/service/ConferenceService.class
/com/prodyna/conference/service/TalkService.class
/com/prodyna/conference/service/RoomTest.class
/com/prodyna/conference/service/ConferenceServiceImpl.class
/com/prodyna/conference/service/model/
/com/prodyna/conference/service/model/Room.class
/com/prodyna/conference/service/model/SpeakersForTalk.class
/com/prodyna/conference/service/model/TalkDTO.class
/com/prodyna/conference/service/model/Conference.class
/com/prodyna/conference/service/model/validation/
/com/prodyna/conference/service/model/validation/ValidTalk.class
/com/prodyna/conference/service/model/validation/ValidTalk$List.class
/com/prodyna/conference/service/model/validation/TalkValidator.class
/com/prodyna/conference/service/model/Speaker.class
/com/prodyna/conference/service/model/ConferenceDTO.class
/com/prodyna/conference/service/model/TalksForConference.class
/com/prodyna/conference/service/model/Talk.class
/com/prodyna/conference/service/CombinedServiceImpl.class
/com/prodyna/conference/service/RoomServiceImpl.class
/META-INF/
/META-INF/persistence.xml
/META-INF/beans.xml
test.ear:
/lib/
/lib/conference-core-SNAPSHOT.jar
/lib/conference-speaker-api-SNAPSHOT.jar
/lib/test.jar
/lib/jboss-jms-api_1.1_spec-1.0.1.Final.jar
22:05:38,718 INFO  [org.jboss.as.repository] (management-handler-thread - 4) JBAS014900: Content an Speicherort g:\ARBEITSUMGEBUNG\SERVER\jboss-as-7.1.3.Final\standalone\data\content\7c\f5c488ae5ea689e2c1819a2a22a345b9ea9d13\content hinzugefügt
22:05:38,721 INFO  [org.jboss.as.server.deployment] (MSC service thread 1-3) JBAS015876: Starte Deployment von &quot;test.ear&quot;
22:05:38,878 INFO  [org.jboss.as.server.deployment] (MSC service thread 1-2) JBAS015876: Starte Deployment von &quot;test.war&quot;
22:05:38,911 INFO  [org.jboss.as.jpa] (MSC service thread 1-2) JBAS011401: Lese persistence.xml für primary
22:05:39,304 INFO  [org.jboss.weld.deployer] (MSC service thread 1-2) JBAS016002: Bearbeite Weld-Deployment test.ear
22:05:39,322 INFO  [org.jboss.weld.deployer] (MSC service thread 1-2) JBAS016002: Bearbeite Weld-Deployment test.war
22:05:39,333 INFO  [org.jboss.weld.deployer] (MSC service thread 1-2) JBAS016005: Starte Dienste für CDI-Deployment: test.ear
22:05:39,335 INFO  [org.jboss.as.osgi] (MSC service thread 1-1) JBAS011907: Registrierung von Modul: Module &quot;deployment.test.ear:main&quot; from Service Module Loader
22:05:39,336 INFO  [org.jboss.as.jpa] (ServerService Thread Pool -- 18) JBAS011402: Starte Persistence Unit Dienst &apos;test.ear#primary&apos;
22:05:39,337 INFO  [org.hibernate.ejb.Ejb3Configuration] (ServerService Thread Pool -- 18) HHH000204: Processing PersistenceUnitInfo [
	name: primary
	...]
22:05:39,357 INFO  [org.jboss.as.osgi] (MSC service thread 1-4) JBAS011907: Registrierung von Modul: Module &quot;deployment.test.ear.test.war:main&quot; from Service Module Loader
22:05:39,374 INFO  [org.hibernate.service.jdbc.connections.internal.ConnectionProviderInitiator] (ServerService Thread Pool -- 18) HHH000130: Instantiating explicit connection provider: org.hibernate.ejb.connection.InjectedDataSourceConnectionProvider
22:05:39,381 INFO  [org.hibernate.dialect.Dialect] (ServerService Thread Pool -- 18) HHH000400: Using dialect: org.hibernate.dialect.MySQLDialect
22:05:39,382 INFO  [org.hibernate.engine.transaction.internal.TransactionFactoryInitiator] (ServerService Thread Pool -- 18) HHH000268: Transaction strategy: org.hibernate.engine.transaction.internal.jta.CMTTransactionFactory
22:05:39,383 INFO  [org.hibernate.hql.internal.ast.ASTQueryTranslatorFactory] (ServerService Thread Pool -- 18) HHH000397: Using ASTQueryTranslatorFactory
22:05:39,430 INFO  [org.hibernate.tool.hbm2ddl.SchemaExport] (ServerService Thread Pool -- 18) HHH000227: Running hbm2ddl schema export
22:05:39,431 INFO  [stdout] (ServerService Thread Pool -- 18) Hibernate: 
22:05:39,431 INFO  [stdout] (ServerService Thread Pool -- 18)     alter table speaker_talk 
22:05:39,431 INFO  [stdout] (ServerService Thread Pool -- 18)         drop 
22:05:39,431 INFO  [stdout] (ServerService Thread Pool -- 18)         foreign key FK39AFB4EC864438C9
22:05:39,432 ERROR [org.hibernate.tool.hbm2ddl.SchemaExport] (ServerService Thread Pool -- 18) HHH000389: Unsuccessful: alter table speaker_talk drop foreign key FK39AFB4EC864438C9
22:05:39,432 ERROR [org.hibernate.tool.hbm2ddl.SchemaExport] (ServerService Thread Pool -- 18) Table &apos;conference.speaker_talk&apos; doesn&apos;t exist
22:05:39,433 INFO  [stdout] (ServerService Thread Pool -- 18) Hibernate: 
22:05:39,433 INFO  [stdout] (ServerService Thread Pool -- 18)     alter table speaker_talk 
22:05:39,433 INFO  [stdout] (ServerService Thread Pool -- 18)         drop 
22:05:39,433 INFO  [stdout] (ServerService Thread Pool -- 18)         foreign key FK39AFB4EC94C61C10
22:05:39,434 ERROR [org.hibernate.tool.hbm2ddl.SchemaExport] (ServerService Thread Pool -- 18) HHH000389: Unsuccessful: alter table speaker_talk drop foreign key FK39AFB4EC94C61C10
22:05:39,434 ERROR [org.hibernate.tool.hbm2ddl.SchemaExport] (ServerService Thread Pool -- 18) Table &apos;conference.speaker_talk&apos; doesn&apos;t exist
22:05:39,434 INFO  [stdout] (ServerService Thread Pool -- 18) Hibernate: 
22:05:39,434 INFO  [stdout] (ServerService Thread Pool -- 18)     alter table speakersfortalk_speaker 
22:05:39,434 INFO  [stdout] (ServerService Thread Pool -- 18)         drop 
22:05:39,434 INFO  [stdout] (ServerService Thread Pool -- 18)         foreign key FKA5E9A3E1A3A97F9B
22:05:39,435 ERROR [org.hibernate.tool.hbm2ddl.SchemaExport] (ServerService Thread Pool -- 18) HHH000389: Unsuccessful: alter table speakersfortalk_speaker drop foreign key FKA5E9A3E1A3A97F9B
22:05:39,435 ERROR [org.hibernate.tool.hbm2ddl.SchemaExport] (ServerService Thread Pool -- 18) Table &apos;conference.speakersfortalk_speaker&apos; doesn&apos;t exist
22:05:39,435 INFO  [stdout] (ServerService Thread Pool -- 18) Hibernate: 
22:05:39,435 INFO  [stdout] (ServerService Thread Pool -- 18)     alter table speakersfortalk_speaker 
22:05:39,435 INFO  [stdout] (ServerService Thread Pool -- 18)         drop 
22:05:39,436 INFO  [stdout] (ServerService Thread Pool -- 18)         foreign key FKA5E9A3E11E59C6D0
22:05:39,436 ERROR [org.hibernate.tool.hbm2ddl.SchemaExport] (ServerService Thread Pool -- 18) HHH000389: Unsuccessful: alter table speakersfortalk_speaker drop foreign key FKA5E9A3E11E59C6D0
22:05:39,436 ERROR [org.hibernate.tool.hbm2ddl.SchemaExport] (ServerService Thread Pool -- 18) Table &apos;conference.speakersfortalk_speaker&apos; doesn&apos;t exist
22:05:39,436 INFO  [stdout] (ServerService Thread Pool -- 18) Hibernate: 
22:05:39,436 INFO  [stdout] (ServerService Thread Pool -- 18)     alter table talk 
22:05:39,437 INFO  [stdout] (ServerService Thread Pool -- 18)         drop 
22:05:39,437 INFO  [stdout] (ServerService Thread Pool -- 18)         foreign key FK3634ACFCD94CE4
22:05:39,437 ERROR [org.hibernate.tool.hbm2ddl.SchemaExport] (ServerService Thread Pool -- 18) HHH000389: Unsuccessful: alter table talk drop foreign key FK3634ACFCD94CE4
22:05:39,437 ERROR [org.hibernate.tool.hbm2ddl.SchemaExport] (ServerService Thread Pool -- 18) Table &apos;conference.talk&apos; doesn&apos;t exist
22:05:39,437 INFO  [stdout] (ServerService Thread Pool -- 18) Hibernate: 
22:05:39,438 INFO  [stdout] (ServerService Thread Pool -- 18)     alter table talksforconference_talk 
22:05:39,438 INFO  [stdout] (ServerService Thread Pool -- 18)         drop 
22:05:39,438 INFO  [stdout] (ServerService Thread Pool -- 18)         foreign key FKE633DF8DCDA41084
22:05:39,438 ERROR [org.hibernate.tool.hbm2ddl.SchemaExport] (ServerService Thread Pool -- 18) HHH000389: Unsuccessful: alter table talksforconference_talk drop foreign key FKE633DF8DCDA41084
22:05:39,438 ERROR [org.hibernate.tool.hbm2ddl.SchemaExport] (ServerService Thread Pool -- 18) Table &apos;conference.talksforconference_talk&apos; doesn&apos;t exist
22:05:39,439 INFO  [stdout] (ServerService Thread Pool -- 18) Hibernate: 
22:05:39,439 INFO  [stdout] (ServerService Thread Pool -- 18)     alter table talksforconference_talk 
22:05:39,439 INFO  [stdout] (ServerService Thread Pool -- 18)         drop 
22:05:39,439 INFO  [stdout] (ServerService Thread Pool -- 18)         foreign key FKE633DF8D864438C9
22:05:39,439 ERROR [org.hibernate.tool.hbm2ddl.SchemaExport] (ServerService Thread Pool -- 18) HHH000389: Unsuccessful: alter table talksforconference_talk drop foreign key FKE633DF8D864438C9
22:05:39,440 ERROR [org.hibernate.tool.hbm2ddl.SchemaExport] (ServerService Thread Pool -- 18) Table &apos;conference.talksforconference_talk&apos; doesn&apos;t exist
22:05:39,440 INFO  [stdout] (ServerService Thread Pool -- 18) Hibernate: 
22:05:39,440 INFO  [stdout] (ServerService Thread Pool -- 18)     drop table if exists conference
22:05:39,441 INFO  [stdout] (ServerService Thread Pool -- 18) Hibernate: 
22:05:39,441 INFO  [stdout] (ServerService Thread Pool -- 18)     drop table if exists room
22:05:39,442 INFO  [stdout] (ServerService Thread Pool -- 18) Hibernate: 
22:05:39,442 INFO  [stdout] (ServerService Thread Pool -- 18)     drop table if exists speaker
22:05:39,443 INFO  [stdout] (ServerService Thread Pool -- 18) Hibernate: 
22:05:39,443 INFO  [stdout] (ServerService Thread Pool -- 18)     drop table if exists speaker_talk
22:05:39,443 INFO  [stdout] (ServerService Thread Pool -- 18) Hibernate: 
22:05:39,444 INFO  [stdout] (ServerService Thread Pool -- 18)     drop table if exists speakersfortalk
22:05:39,444 INFO  [stdout] (ServerService Thread Pool -- 18) Hibernate: 
22:05:39,444 INFO  [stdout] (ServerService Thread Pool -- 18)     drop table if exists speakersfortalk_speaker
22:05:39,445 INFO  [stdout] (ServerService Thread Pool -- 18) Hibernate: 
22:05:39,445 INFO  [stdout] (ServerService Thread Pool -- 18)     drop table if exists talk
22:05:39,446 INFO  [stdout] (ServerService Thread Pool -- 18) Hibernate: 
22:05:39,446 INFO  [stdout] (ServerService Thread Pool -- 18)     drop table if exists talksforconference
22:05:39,447 INFO  [stdout] (ServerService Thread Pool -- 18) Hibernate: 
22:05:39,447 INFO  [stdout] (ServerService Thread Pool -- 18)     drop table if exists talksforconference_talk
22:05:39,448 INFO  [stdout] (ServerService Thread Pool -- 18) Hibernate: 
22:05:39,448 INFO  [stdout] (ServerService Thread Pool -- 18)     drop table if exists hibernate_sequence
22:05:39,449 INFO  [stdout] (ServerService Thread Pool -- 18) Hibernate: 
22:05:39,449 INFO  [stdout] (ServerService Thread Pool -- 18)     create table conference (
22:05:39,449 INFO  [stdout] (ServerService Thread Pool -- 18)         id bigint not null,
22:05:39,449 INFO  [stdout] (ServerService Thread Pool -- 18)         description varchar(255) not null,
22:05:39,449 INFO  [stdout] (ServerService Thread Pool -- 18)         end date not null,
22:05:39,449 INFO  [stdout] (ServerService Thread Pool -- 18)         name varchar(255) not null,
22:05:39,449 INFO  [stdout] (ServerService Thread Pool -- 18)         start date not null,
22:05:39,449 INFO  [stdout] (ServerService Thread Pool -- 18)         updateTimeStamp datetime,
22:05:39,450 INFO  [stdout] (ServerService Thread Pool -- 18)         primary key (id)
22:05:39,450 INFO  [stdout] (ServerService Thread Pool -- 18)     )
22:05:39,468 INFO  [stdout] (ServerService Thread Pool -- 18) Hibernate: 
22:05:39,468 INFO  [stdout] (ServerService Thread Pool -- 18)     create table room (
22:05:39,468 INFO  [stdout] (ServerService Thread Pool -- 18)         id bigint not null,
22:05:39,468 INFO  [stdout] (ServerService Thread Pool -- 18)         capacity integer not null check (capacity&gt;=1),
22:05:39,468 INFO  [stdout] (ServerService Thread Pool -- 18)         name varchar(255) not null,
22:05:39,468 INFO  [stdout] (ServerService Thread Pool -- 18)         updateTimeStamp datetime,
22:05:39,468 INFO  [stdout] (ServerService Thread Pool -- 18)         primary key (id)
22:05:39,468 INFO  [stdout] (ServerService Thread Pool -- 18)     )
22:05:39,481 INFO  [stdout] (ServerService Thread Pool -- 18) Hibernate: 
22:05:39,481 INFO  [stdout] (ServerService Thread Pool -- 18)     create table speaker (
22:05:39,481 INFO  [stdout] (ServerService Thread Pool -- 18)         id bigint not null,
22:05:39,481 INFO  [stdout] (ServerService Thread Pool -- 18)         email varchar(255) not null,
22:05:39,482 INFO  [stdout] (ServerService Thread Pool -- 18)         firstname varchar(255) not null,
22:05:39,482 INFO  [stdout] (ServerService Thread Pool -- 18)         name varchar(255) not null,
22:05:39,482 INFO  [stdout] (ServerService Thread Pool -- 18)         updateTimeStamp datetime,
22:05:39,482 INFO  [stdout] (ServerService Thread Pool -- 18)         primary key (id),
22:05:39,482 INFO  [stdout] (ServerService Thread Pool -- 18)         unique (email)
22:05:39,482 INFO  [stdout] (ServerService Thread Pool -- 18)     )
22:05:39,497 INFO  [stdout] (ServerService Thread Pool -- 18) Hibernate: 
22:05:39,498 INFO  [stdout] (ServerService Thread Pool -- 18)     create table speaker_talk (
22:05:39,498 INFO  [stdout] (ServerService Thread Pool -- 18)         speaker_id bigint not null,
22:05:39,498 INFO  [stdout] (ServerService Thread Pool -- 18)         talks_id bigint not null
22:05:39,498 INFO  [stdout] (ServerService Thread Pool -- 18)     )
22:05:39,513 INFO  [stdout] (ServerService Thread Pool -- 18) Hibernate: 
22:05:39,513 INFO  [stdout] (ServerService Thread Pool -- 18)     create table speakersfortalk (
22:05:39,513 INFO  [stdout] (ServerService Thread Pool -- 18)         id bigint not null,
22:05:39,513 INFO  [stdout] (ServerService Thread Pool -- 18)         primary key (id)
22:05:39,513 INFO  [stdout] (ServerService Thread Pool -- 18)     )
22:05:39,528 INFO  [stdout] (ServerService Thread Pool -- 18) Hibernate: 
22:05:39,528 INFO  [stdout] (ServerService Thread Pool -- 18)     create table speakersfortalk_speaker (
22:05:39,528 INFO  [stdout] (ServerService Thread Pool -- 18)         speakersfortalk_id bigint not null,
22:05:39,528 INFO  [stdout] (ServerService Thread Pool -- 18)         speakers_id bigint not null,
22:05:39,529 INFO  [stdout] (ServerService Thread Pool -- 18)         primary key (speakersfortalk_id, speakers_id)
22:05:39,529 INFO  [stdout] (ServerService Thread Pool -- 18)     )
22:05:39,545 INFO  [stdout] (ServerService Thread Pool -- 18) Hibernate: 
22:05:39,546 INFO  [stdout] (ServerService Thread Pool -- 18)     create table talk (
22:05:39,546 INFO  [stdout] (ServerService Thread Pool -- 18)         id bigint not null,
22:05:39,546 INFO  [stdout] (ServerService Thread Pool -- 18)         description varchar(255) not null,
22:05:39,546 INFO  [stdout] (ServerService Thread Pool -- 18)         durationInMinutes bigint not null check (durationInMinutes&gt;=1),
22:05:39,546 INFO  [stdout] (ServerService Thread Pool -- 18)         end time not null,
22:05:39,546 INFO  [stdout] (ServerService Thread Pool -- 18)         name varchar(255) not null,
22:05:39,546 INFO  [stdout] (ServerService Thread Pool -- 18)         start time not null,
22:05:39,547 INFO  [stdout] (ServerService Thread Pool -- 18)         updateTimeStamp datetime,
22:05:39,547 INFO  [stdout] (ServerService Thread Pool -- 18)         room_id bigint not null,
22:05:39,547 INFO  [stdout] (ServerService Thread Pool -- 18)         primary key (id)
22:05:39,547 INFO  [stdout] (ServerService Thread Pool -- 18)     )
22:05:39,562 INFO  [stdout] (ServerService Thread Pool -- 18) Hibernate: 
22:05:39,563 INFO  [stdout] (ServerService Thread Pool -- 18)     create table talksforconference (
22:05:39,563 INFO  [stdout] (ServerService Thread Pool -- 18)         id bigint not null,
22:05:39,563 INFO  [stdout] (ServerService Thread Pool -- 18)         primary key (id)
22:05:39,563 INFO  [stdout] (ServerService Thread Pool -- 18)     )
22:05:39,577 INFO  [stdout] (ServerService Thread Pool -- 18) Hibernate: 
22:05:39,578 INFO  [stdout] (ServerService Thread Pool -- 18)     create table talksforconference_talk (
22:05:39,578 INFO  [stdout] (ServerService Thread Pool -- 18)         talksforconference_id bigint not null,
22:05:39,578 INFO  [stdout] (ServerService Thread Pool -- 18)         talks_id bigint not null,
22:05:39,578 INFO  [stdout] (ServerService Thread Pool -- 18)         primary key (talksforconference_id, talks_id)
22:05:39,578 INFO  [stdout] (ServerService Thread Pool -- 18)     )
22:05:39,595 INFO  [stdout] (ServerService Thread Pool -- 18) Hibernate: 
22:05:39,595 INFO  [stdout] (ServerService Thread Pool -- 18)     alter table speaker_talk 
22:05:39,595 INFO  [stdout] (ServerService Thread Pool -- 18)         add index FK39AFB4EC864438C9 (talks_id), 
22:05:39,595 INFO  [stdout] (ServerService Thread Pool -- 18)         add constraint FK39AFB4EC864438C9 
22:05:39,595 INFO  [stdout] (ServerService Thread Pool -- 18)         foreign key (talks_id) 
22:05:39,595 INFO  [stdout] (ServerService Thread Pool -- 18)         references talk (id)
22:05:39,618 INFO  [stdout] (ServerService Thread Pool -- 18) Hibernate: 
22:05:39,618 INFO  [stdout] (ServerService Thread Pool -- 18)     alter table speaker_talk 
22:05:39,618 INFO  [stdout] (ServerService Thread Pool -- 18)         add index FK39AFB4EC94C61C10 (speaker_id), 
22:05:39,618 INFO  [stdout] (ServerService Thread Pool -- 18)         add constraint FK39AFB4EC94C61C10 
22:05:39,618 INFO  [stdout] (ServerService Thread Pool -- 18)         foreign key (speaker_id) 
22:05:39,619 INFO  [stdout] (ServerService Thread Pool -- 18)         references speaker (id)
22:05:39,644 INFO  [stdout] (ServerService Thread Pool -- 18) Hibernate: 
22:05:39,644 INFO  [stdout] (ServerService Thread Pool -- 18)     alter table speakersfortalk_speaker 
22:05:39,644 INFO  [stdout] (ServerService Thread Pool -- 18)         add index FKA5E9A3E1A3A97F9B (speakers_id), 
22:05:39,644 INFO  [stdout] (ServerService Thread Pool -- 18)         add constraint FKA5E9A3E1A3A97F9B 
22:05:39,644 INFO  [stdout] (ServerService Thread Pool -- 18)         foreign key (speakers_id) 
22:05:39,645 INFO  [stdout] (ServerService Thread Pool -- 18)         references speaker (id)
22:05:39,666 INFO  [stdout] (ServerService Thread Pool -- 18) Hibernate: 
22:05:39,666 INFO  [stdout] (ServerService Thread Pool -- 18)     alter table speakersfortalk_speaker 
22:05:39,666 INFO  [stdout] (ServerService Thread Pool -- 18)         add index FKA5E9A3E11E59C6D0 (speakersfortalk_id), 
22:05:39,666 INFO  [stdout] (ServerService Thread Pool -- 18)         add constraint FKA5E9A3E11E59C6D0 
22:05:39,666 INFO  [stdout] (ServerService Thread Pool -- 18)         foreign key (speakersfortalk_id) 
22:05:39,667 INFO  [stdout] (ServerService Thread Pool -- 18)         references speakersfortalk (id)
22:05:39,692 INFO  [stdout] (ServerService Thread Pool -- 18) Hibernate: 
22:05:39,692 INFO  [stdout] (ServerService Thread Pool -- 18)     alter table talk 
22:05:39,692 INFO  [stdout] (ServerService Thread Pool -- 18)         add index FK3634ACFCD94CE4 (room_id), 
22:05:39,692 INFO  [stdout] (ServerService Thread Pool -- 18)         add constraint FK3634ACFCD94CE4 
22:05:39,692 INFO  [stdout] (ServerService Thread Pool -- 18)         foreign key (room_id) 
22:05:39,692 INFO  [stdout] (ServerService Thread Pool -- 18)         references room (id)
22:05:39,715 INFO  [stdout] (ServerService Thread Pool -- 18) Hibernate: 
22:05:39,715 INFO  [stdout] (ServerService Thread Pool -- 18)     alter table talksforconference_talk 
22:05:39,715 INFO  [stdout] (ServerService Thread Pool -- 18)         add index FKE633DF8DCDA41084 (talksforconference_id), 
22:05:39,715 INFO  [stdout] (ServerService Thread Pool -- 18)         add constraint FKE633DF8DCDA41084 
22:05:39,715 INFO  [stdout] (ServerService Thread Pool -- 18)         foreign key (talksforconference_id) 
22:05:39,715 INFO  [stdout] (ServerService Thread Pool -- 18)         references talksforconference (id)
22:05:39,736 INFO  [stdout] (ServerService Thread Pool -- 18) Hibernate: 
22:05:39,736 INFO  [stdout] (ServerService Thread Pool -- 18)     alter table talksforconference_talk 
22:05:39,736 INFO  [stdout] (ServerService Thread Pool -- 18)         add index FKE633DF8D864438C9 (talks_id), 
22:05:39,736 INFO  [stdout] (ServerService Thread Pool -- 18)         add constraint FKE633DF8D864438C9 
22:05:39,736 INFO  [stdout] (ServerService Thread Pool -- 18)         foreign key (talks_id) 
22:05:39,736 INFO  [stdout] (ServerService Thread Pool -- 18)         references talk (id)
22:05:39,767 INFO  [stdout] (ServerService Thread Pool -- 18) Hibernate: 
22:05:39,767 INFO  [stdout] (ServerService Thread Pool -- 18)     create table hibernate_sequence (
22:05:39,768 INFO  [stdout] (ServerService Thread Pool -- 18)          next_val bigint 
22:05:39,768 INFO  [stdout] (ServerService Thread Pool -- 18)     )
22:05:39,780 INFO  [stdout] (ServerService Thread Pool -- 18) Hibernate: 
22:05:39,780 INFO  [stdout] (ServerService Thread Pool -- 18)     insert into hibernate_sequence values ( 100 )
22:05:39,782 INFO  [org.hibernate.tool.hbm2ddl.SchemaExport] (ServerService Thread Pool -- 18) HHH000230: Schema export complete
22:05:39,787 INFO  [org.jboss.weld.deployer] (MSC service thread 1-5) JBAS016008: Starte Weld-Dienst für Deployment test.ear
22:05:40,010 ERROR [org.jboss.msc.service.fail] (MSC service thread 1-5) MSC00001: Failed to start service jboss.deployment.unit.&quot;test.ear&quot;.WeldService: org.jboss.msc.service.StartException in service jboss.deployment.unit.&quot;test.ear&quot;.WeldService: org.jboss.weld.exceptions.DeploymentException: WELD-001409 Ambiguous dependencies for type [PerformanceMXBean] with qualifiers [@Default] at injection point [[field] @Inject private com.prodyna.conference.core.event.PerformanceObserver.performanceMgmtBean]. Possible dependencies [[Managed Bean [class com.prodyna.core.monitoring.Performance] with qualifiers [@Any @Default], Producer Method [PerformanceMXBean] with qualifiers [@Any @Default] declared as [[method] @Produces public com.prodyna.conference.core.util.MBeanProducer.producePerformanceMgmtBean()]]]
	at org.jboss.as.weld.services.WeldService.start(WeldService.java:83)
	at org.jboss.msc.service.ServiceControllerImpl$StartTask.startService(ServiceControllerImpl.java:1811) [jboss-msc-1.0.2.GA.jar:1.0.2.GA]
	at org.jboss.msc.service.ServiceControllerImpl$StartTask.run(ServiceControllerImpl.java:1746) [jboss-msc-1.0.2.GA.jar:1.0.2.GA]
	at java.util.concurrent.ThreadPoolExecutor.runWorker(ThreadPoolExecutor.java:1145) [rt.jar:1.7.0_40]
	at java.util.concurrent.ThreadPoolExecutor$Worker.run(ThreadPoolExecutor.java:615) [rt.jar:1.7.0_40]
	at java.lang.Thread.run(Thread.java:724) [rt.jar:1.7.0_40]
Caused by: org.jboss.weld.exceptions.DeploymentException: WELD-001409 Ambiguous dependencies for type [PerformanceMXBean] with qualifiers [@Default] at injection point [[field] @Inject private com.prodyna.conference.core.event.PerformanceObserver.performanceMgmtBean]. Possible dependencies [[Managed Bean [class com.prodyna.core.monitoring.Performance] with qualifiers [@Any @Default], Producer Method [PerformanceMXBean] with qualifiers [@Any @Default] declared as [[method] @Produces public com.prodyna.conference.core.util.MBeanProducer.producePerformanceMgmtBean()]]]
	at org.jboss.weld.bootstrap.Validator.validateInjectionPoint(Validator.java:314)
	at org.jboss.weld.bootstrap.Validator.validateInjectionPoint(Validator.java:280)
	at org.jboss.weld.bootstrap.Validator.validateBean(Validator.java:143)
	at org.jboss.weld.bootstrap.Validator.validateRIBean(Validator.java:163)
	at org.jboss.weld.bootstrap.Validator.validateBeans(Validator.java:382)
	at org.jboss.weld.bootstrap.Validator.validateDeployment(Validator.java:367)
	at org.jboss.weld.bootstrap.WeldBootstrap.validateBeans(WeldBootstrap.java:380)
	at org.jboss.as.weld.WeldContainer.start(WeldContainer.java:83)
	at org.jboss.as.weld.services.WeldService.start(WeldService.java:76)
	... 5 more

22:05:40,217 INFO  [org.jboss.as.osgi] (MSC service thread 1-5) JBAS011908: Deregistrierung von Modul: Module &quot;deployment.test.ear:main&quot; from Service Module Loader
22:05:40,220 INFO  [org.jboss.as.server] (management-handler-thread - 4) JBAS015870: Deploy von Deployment &quot;test.ear&quot; wurde mit Fehlermeldung {&quot;JBAS014671: Fehlgeschlagene Dienste&quot; =&gt; {&quot;jboss.deployment.unit.\&quot;test.ear\&quot;.WeldService&quot; =&gt; &quot;org.jboss.msc.service.StartException in service jboss.deployment.unit.\&quot;test.ear\&quot;.WeldService: org.jboss.weld.exceptions.DeploymentException: WELD-001409 Ambiguous dependencies for type [PerformanceMXBean] with qualifiers [@Default] at injection point [[field] @Inject private com.prodyna.conference.core.event.PerformanceObserver.performanceMgmtBean]. Possible dependencies [[Managed Bean [class com.prodyna.core.monitoring.Performance] with qualifiers [@Any @Default], Producer Method [PerformanceMXBean] with qualifiers [@Any @Default] declared as [[method] @Produces public com.prodyna.conference.core.util.MBeanProducer.producePerformanceMgmtBean()]]]
    Caused by: org.jboss.weld.exceptions.DeploymentException: WELD-001409 Ambiguous dependencies for type [PerformanceMXBean] with qualifiers [@Default] at injection point [[field] @Inject private com.prodyna.conference.core.event.PerformanceObserver.performanceMgmtBean]. Possible dependencies [[Managed Bean [class com.prodyna.core.monitoring.Performance] with qualifiers [@Any @Default], Producer Method [PerformanceMXBean] with qualifiers [@Any @Default] declared as [[method] @Produces public com.prodyna.conference.core.util.MBeanProducer.producePerformanceMgmtBean()]]]&quot;},&quot;JBAS014771: Dienste mit fehlenden/unverfügbaren Abhängigkeiten &quot; =&gt; [&quot;jboss.deployment.subunit.\&quot;test.ear\&quot;.\&quot;test.war\&quot;.component.\&quot;javax.faces.webapp.FacetTag\&quot;.WeldInstantiator [JBAS014861: &lt;one or more transitive dependencies&gt;] fehlt&quot;,&quot;jboss.deployment.subunit.\&quot;test.ear\&quot;.\&quot;test.war\&quot;.beanmanager [JBAS014861: &lt;one or more transitive dependencies&gt;] fehlt&quot;,&quot;jboss.deployment.subunit.\&quot;test.ear\&quot;.\&quot;test.war\&quot;.jboss.security.jacc [JBAS014861: &lt;one or more transitive dependencies&gt;] fehlt&quot;,&quot;jboss.deployment.subunit.\&quot;test.ear\&quot;.\&quot;test.war\&quot;.component.\&quot;javax.faces.webapp.FacetTag\&quot;.START [JBAS014861: &lt;one or more transitive dependencies&gt;] fehlt&quot;,&quot;jboss.deployment.subunit.\&quot;test.ear\&quot;.\&quot;test.war\&quot;.component.\&quot;javax.servlet.jsp.jstl.tlv.ScriptFreeTLV\&quot;.WeldInstantiator [JBAS014861: &lt;one or more transitive dependencies&gt;] fehlt&quot;,&quot;jboss.deployment.subunit.\&quot;test.ear\&quot;.\&quot;test.war\&quot;.component.\&quot;org.jboss.as.weld.webtier.jsp.JspInitializationListener\&quot;.START [JBAS014861: &lt;one or more transitive dependencies&gt;] fehlt&quot;,&quot;jboss.deployment.subunit.\&quot;test.ear\&quot;.\&quot;test.war\&quot;.component.\&quot;javax.servlet.jsp.jstl.tlv.PermittedTaglibsTLV\&quot;.START [JBAS014861: &lt;one or more transitive dependencies&gt;] fehlt&quot;,&quot;jboss.deployment.subunit.\&quot;test.ear\&quot;.\&quot;test.war\&quot;.component.\&quot;javax.servlet.jsp.jstl.tlv.ScriptFreeTLV\&quot;.START [JBAS014861: &lt;one or more transitive dependencies&gt;] fehlt&quot;,&quot;jboss.deployment.subunit.\&quot;test.ear\&quot;.\&quot;test.war\&quot;.component.\&quot;com.sun.faces.config.ConfigureListener\&quot;.START [JBAS014861: &lt;one or more transitive dependencies&gt;] fehlt&quot;,&quot;jboss.deployment.subunit.\&quot;test.ear\&quot;.\&quot;test.war\&quot;.component.\&quot;org.apache.jasper.servlet.JspServlet\&quot;.START [JBAS014861: &lt;one or more transitive dependencies&gt;] fehlt&quot;,&quot;jboss.deployment.subunit.\&quot;test.ear\&quot;.\&quot;test.war\&quot;.component.\&quot;org.apache.catalina.servlets.DefaultServlet\&quot;.START [JBAS014861: &lt;one or more transitive dependencies&gt;] fehlt&quot;,&quot;jboss.deployment.subunit.\&quot;test.ear\&quot;.\&quot;test.war\&quot;.component.\&quot;org.apache.catalina.servlets.DefaultServlet\&quot;.WeldInstantiator [JBAS014861: &lt;one or more transitive dependencies&gt;] fehlt&quot;,&quot;jboss.deployment.subunit.\&quot;test.ear\&quot;.\&quot;test.war\&quot;.component.\&quot;com.sun.faces.config.ConfigureListener\&quot;.WeldInstantiator [JBAS014861: &lt;one or more transitive dependencies&gt;] fehlt&quot;,&quot;jboss.deployment.subunit.\&quot;test.ear\&quot;.\&quot;test.war\&quot;.component.\&quot;org.jboss.arquillian.protocol.servlet.runner.ServletTestRunner\&quot;.WeldInstantiator [JBAS014861: &lt;one or more transitive dependencies&gt;] fehlt&quot;,&quot;jboss.deployment.subunit.\&quot;test.ear\&quot;.\&quot;test.war\&quot;.component.\&quot;org.jboss.arquillian.protocol.servlet.runner.ServletTestRunner\&quot;.START [JBAS014861: &lt;one or more transitive dependencies&gt;] fehlt&quot;,&quot;jboss.deployment.unit.\&quot;test.ear\&quot;.beanmanager [JBAS014861: &lt;one or more transitive dependencies&gt;] fehlt&quot;,&quot;jboss.deployment.subunit.\&quot;test.ear\&quot;.\&quot;test.war\&quot;.component.\&quot;org.apache.jasper.servlet.JspServlet\&quot;.WeldInstantiator [JBAS014861: &lt;one or more transitive dependencies&gt;] fehlt&quot;,&quot;jboss.web.deployment.default-host./test [JBAS014861: &lt;one or more transitive dependencies&gt;] fehlt&quot;,&quot;jboss.deployment.subunit.\&quot;test.ear\&quot;.\&quot;test.war\&quot;.component.\&quot;javax.servlet.jsp.jstl.tlv.PermittedTaglibsTLV\&quot;.WeldInstantiator [JBAS014861: &lt;one or more transitive dependencies&gt;] fehlt&quot;,&quot;jboss.deployment.subunit.\&quot;test.ear\&quot;.\&quot;test.war\&quot;.component.\&quot;org.jboss.as.weld.webtier.jsp.JspInitializationListener\&quot;.WeldInstantiator [JBAS014861: &lt;one or more transitive dependencies&gt;] fehlt&quot;]} zurückgesetzt
22:05:40,221 INFO  [org.jboss.as.jpa] (ServerService Thread Pool -- 18) JBAS011403: Stoppe Persistence Unit Dienst &apos;test.ear#primary&apos;
22:05:40,222 INFO  [org.hibernate.tool.hbm2ddl.SchemaExport] (ServerService Thread Pool -- 18) HHH000227: Running hbm2ddl schema export
22:05:40,223 INFO  [org.jboss.as.osgi] (MSC service thread 1-1) JBAS011908: Deregistrierung von Modul: Module &quot;deployment.test.ear.test.war:main&quot; from Service Module Loader
22:05:40,224 INFO  [stdout] (ServerService Thread Pool -- 18) Hibernate: 
22:05:40,224 INFO  [stdout] (ServerService Thread Pool -- 18)     alter table speaker_talk 
22:05:40,224 INFO  [stdout] (ServerService Thread Pool -- 18)         drop 
22:05:40,225 INFO  [stdout] (ServerService Thread Pool -- 18)         foreign key FK39AFB4EC864438C9
22:05:40,234 INFO  [stdout] (ServerService Thread Pool -- 18) Hibernate: 
22:05:40,234 INFO  [stdout] (ServerService Thread Pool -- 18)     alter table speaker_talk 
22:05:40,234 INFO  [stdout] (ServerService Thread Pool -- 18)         drop 
22:05:40,234 INFO  [stdout] (ServerService Thread Pool -- 18)         foreign key FK39AFB4EC94C61C10
22:05:40,240 INFO  [stdout] (ServerService Thread Pool -- 18) Hibernate: 
22:05:40,240 INFO  [stdout] (ServerService Thread Pool -- 18)     alter table speakersfortalk_speaker 
22:05:40,240 INFO  [stdout] (ServerService Thread Pool -- 18)         drop 
22:05:40,240 INFO  [stdout] (ServerService Thread Pool -- 18)         foreign key FKA5E9A3E1A3A97F9B
22:05:40,247 INFO  [stdout] (ServerService Thread Pool -- 18) Hibernate: 
22:05:40,247 INFO  [stdout] (ServerService Thread Pool -- 18)     alter table speakersfortalk_speaker 
22:05:40,247 INFO  [stdout] (ServerService Thread Pool -- 18)         drop 
22:05:40,247 INFO  [stdout] (ServerService Thread Pool -- 18)         foreign key FKA5E9A3E11E59C6D0
22:05:40,253 INFO  [stdout] (ServerService Thread Pool -- 18) Hibernate: 
22:05:40,253 INFO  [stdout] (ServerService Thread Pool -- 18)     alter table talk 
22:05:40,253 INFO  [stdout] (ServerService Thread Pool -- 18)         drop 
22:05:40,253 INFO  [stdout] (ServerService Thread Pool -- 18)         foreign key FK3634ACFCD94CE4
22:05:40,260 INFO  [stdout] (ServerService Thread Pool -- 18) Hibernate: 
22:05:40,260 INFO  [stdout] (ServerService Thread Pool -- 18)     alter table talksforconference_talk 
22:05:40,260 INFO  [stdout] (ServerService Thread Pool -- 18)         drop 
22:05:40,261 INFO  [stdout] (ServerService Thread Pool -- 18)         foreign key FKE633DF8DCDA41084
22:05:40,267 INFO  [stdout] (ServerService Thread Pool -- 18) Hibernate: 
22:05:40,267 INFO  [stdout] (ServerService Thread Pool -- 18)     alter table talksforconference_talk 
22:05:40,267 INFO  [stdout] (ServerService Thread Pool -- 18)         drop 
22:05:40,267 INFO  [stdout] (ServerService Thread Pool -- 18)         foreign key FKE633DF8D864438C9
22:05:40,273 INFO  [stdout] (ServerService Thread Pool -- 18) Hibernate: 
22:05:40,273 INFO  [stdout] (ServerService Thread Pool -- 18)     drop table if exists conference
22:05:40,277 INFO  [stdout] (ServerService Thread Pool -- 18) Hibernate: 
22:05:40,277 INFO  [stdout] (ServerService Thread Pool -- 18)     drop table if exists room
22:05:40,280 INFO  [stdout] (ServerService Thread Pool -- 18) Hibernate: 
22:05:40,281 INFO  [stdout] (ServerService Thread Pool -- 18)     drop table if exists speaker
22:05:40,284 INFO  [stdout] (ServerService Thread Pool -- 18) Hibernate: 
22:05:40,284 INFO  [stdout] (ServerService Thread Pool -- 18)     drop table if exists speaker_talk
22:05:40,288 INFO  [stdout] (ServerService Thread Pool -- 18) Hibernate: 
22:05:40,288 INFO  [stdout] (ServerService Thread Pool -- 18)     drop table if exists speakersfortalk
22:05:40,292 INFO  [stdout] (ServerService Thread Pool -- 18) Hibernate: 
22:05:40,292 INFO  [stdout] (ServerService Thread Pool -- 18)     drop table if exists speakersfortalk_speaker
22:05:40,296 INFO  [stdout] (ServerService Thread Pool -- 18) Hibernate: 
22:05:40,296 INFO  [stdout] (ServerService Thread Pool -- 18)     drop table if exists talk
22:05:40,299 INFO  [stdout] (ServerService Thread Pool -- 18) Hibernate: 
22:05:40,299 INFO  [stdout] (ServerService Thread Pool -- 18)     drop table if exists talksforconference
22:05:40,302 INFO  [stdout] (ServerService Thread Pool -- 18) Hibernate: 
22:05:40,302 INFO  [stdout] (ServerService Thread Pool -- 18)     drop table if exists talksforconference_talk
22:05:40,304 INFO  [stdout] (ServerService Thread Pool -- 18) Hibernate: 
22:05:40,305 INFO  [stdout] (ServerService Thread Pool -- 18)     drop table if exists hibernate_sequence
22:05:40,307 INFO  [org.hibernate.tool.hbm2ddl.SchemaExport] (ServerService Thread Pool -- 18) HHH000230: Schema export complete
22:05:40,335 INFO  [org.jboss.as.server.deployment] (MSC service thread 1-8) JBAS015877: Deployment von test.war in 117ms gestoppt
22:05:40,344 INFO  [org.jboss.as.server.deployment] (MSC service thread 1-3) JBAS015877: Deployment von test.ear in 126ms gestoppt
</system-out>
    <system-err>Okt 17, 2013 10:05:36 PM org.jboss.shrinkwrap.resolver.impl.maven.LogTransferListerer transferFailed
Warnung: Failed downloading com/prodyna/conference/conference-core/SNAPSHOT/maven-metadata.xml from http://repo1.maven.org/maven2/, reason: org.apache.maven.wagon.ResourceDoesNotExistException: Unable to locate resource in repository
Okt 17, 2013 10:05:36 PM org.jboss.shrinkwrap.resolver.impl.maven.LogRepositoryListener metadataInvalid
Warnung: Invalid metadata com.prodyna.conference:conference-core:SNAPSHOT/maven-metadata.xml
Okt 17, 2013 10:05:36 PM org.jboss.shrinkwrap.resolver.impl.maven.LogTransferListerer transferFailed
Warnung: Failed downloading com/prodyna/conference/conference-core/SNAPSHOT/maven-metadata.xml from http://repo1.maven.org/maven2/, reason: org.apache.maven.wagon.ResourceDoesNotExistException: Unable to locate resource in repository
Okt 17, 2013 10:05:36 PM org.jboss.shrinkwrap.resolver.impl.maven.LogRepositoryListener metadataInvalid
Warnung: Invalid metadata com.prodyna.conference:conference-core:SNAPSHOT/maven-metadata.xml
Okt 17, 2013 10:05:36 PM org.jboss.shrinkwrap.resolver.impl.maven.LogTransferListerer transferFailed
Warnung: Failed downloading com/prodyna/conference/conference/SNAPSHOT/maven-metadata.xml from http://repo1.maven.org/maven2/, reason: org.apache.maven.wagon.ResourceDoesNotExistException: Unable to locate resource in repository
Okt 17, 2013 10:05:36 PM org.jboss.shrinkwrap.resolver.impl.maven.LogRepositoryListener metadataInvalid
Warnung: Invalid metadata com.prodyna.conference:conference:SNAPSHOT/maven-metadata.xml
Okt 17, 2013 10:05:37 PM org.jboss.shrinkwrap.resolver.impl.maven.LogTransferListerer transferFailed
Warnung: Failed downloading com/prodyna/conference/conference-speaker-api/SNAPSHOT/maven-metadata.xml from http://repo1.maven.org/maven2/, reason: org.apache.maven.wagon.ResourceDoesNotExistException: Unable to locate resource in repository
Okt 17, 2013 10:05:37 PM org.jboss.shrinkwrap.resolver.impl.maven.LogRepositoryListener metadataInvalid
Warnung: Invalid metadata com.prodyna.conference:conference-speaker-api:SNAPSHOT/maven-metadata.xml
Okt 17, 2013 10:05:37 PM org.jboss.shrinkwrap.resolver.impl.maven.LogTransferListerer transferFailed
Warnung: Failed downloading com/prodyna/conference/conference-speaker-api/SNAPSHOT/maven-metadata.xml from http://repo1.maven.org/maven2/, reason: org.apache.maven.wagon.ResourceDoesNotExistException: Unable to locate resource in repository
Okt 17, 2013 10:05:37 PM org.jboss.shrinkwrap.resolver.impl.maven.LogRepositoryListener metadataInvalid
Warnung: Invalid metadata com.prodyna.conference:conference-speaker-api:SNAPSHOT/maven-metadata.xml
Okt 17, 2013 10:05:37 PM org.jboss.shrinkwrap.resolver.impl.maven.LogTransferListerer transferFailed
Warnung: Failed downloading com/prodyna/conference/conference/SNAPSHOT/maven-metadata.xml from http://repo1.maven.org/maven2/, reason: org.apache.maven.wagon.ResourceDoesNotExistException: Unable to locate resource in repository
Okt 17, 2013 10:05:37 PM org.jboss.shrinkwrap.resolver.impl.maven.LogRepositoryListener metadataInvalid
Warnung: Invalid metadata com.prodyna.conference:conference:SNAPSHOT/maven-metadata.xml
Okt 17, 2013 10:05:38 PM org.jboss.shrinkwrap.resolver.impl.maven.LogTransferListerer transferFailed
Warnung: Failed downloading com/prodyna/conference/conference-core/SNAPSHOT/maven-metadata.xml from http://repo1.maven.org/maven2/, reason: org.apache.maven.wagon.ResourceDoesNotExistException: Unable to locate resource in repository
Okt 17, 2013 10:05:38 PM org.jboss.shrinkwrap.resolver.impl.maven.LogRepositoryListener metadataInvalid
Warnung: Invalid metadata com.prodyna.conference:conference-core:SNAPSHOT/maven-metadata.xml
Okt 17, 2013 10:05:38 PM org.jboss.shrinkwrap.resolver.impl.maven.LogTransferListerer transferFailed
Warnung: Failed downloading com/prodyna/conference/conference-speaker-api/SNAPSHOT/maven-metadata.xml from http://repo1.maven.org/maven2/, reason: org.apache.maven.wagon.ResourceDoesNotExistException: Unable to locate resource in repository
Okt 17, 2013 10:05:38 PM org.jboss.shrinkwrap.resolver.impl.maven.LogRepositoryListener metadataInvalid
Warnung: Invalid metadata com.prodyna.conference:conference-speaker-api:SNAPSHOT/maven-metadata.xml
</system-err>
  </testcase>
</testsuite>